#
# There is insufficient memory for the Java Runtime Environment to continue.
# Native memory allocation (malloc) failed to allocate 32744 bytes for Chunk::new
# Possible reasons:
#   The system is out of physical RAM or swap space
#   The process is running with CompressedOops enabled, and the Java Heap may be blocking the growth of the native heap
# Possible solutions:
#   Reduce memory load on the system
#   Increase physical memory or swap space
#   Check if swap backing store is full
#   Decrease Java heap size (-Xmx/-Xms)
#   Decrease number of Java threads
#   Decrease Java thread stack sizes (-Xss)
#   Set larger code cache with -XX:ReservedCodeCacheSize=
#   JVM is running with Zero Based Compressed Oops mode in which the Java heap is
#     placed in the first 32GB address space. The Java Heap base address is the
#     maximum limit for the native heap growth. Please use -XX:HeapBaseMinAddress
#     to set the Java Heap base and to place the Java Heap above 32GB virtual address.
# This output file may be truncated or incomplete.
#
#  Out of Memory Error (arena.cpp:184), pid=17912, tid=20976
#
# JRE version: Java(TM) SE Runtime Environment (19.0+36) (build 19+36-2238)
# Java VM: Java HotSpot(TM) 64-Bit Server VM (19+36-2238, mixed mode, sharing, tiered, compressed oops, compressed class ptrs, g1 gc, windows-amd64)
# No core dump will be written. Minidumps are not enabled by default on client versions of Windows
#

---------------  S U M M A R Y ------------

Command Line: -Dfile.encoding=UTF-8 -XX:+ShowCodeDetailsInExceptionMessages mainPackage.RunnerClass

Host: AMD EPYC 7763 64-Core Processor                , 4 cores, 15G,  Windows 10 , 64 bit Build 19041 (10.0.19041.2251)
Time: Tue Dec 13 07:59:02 2022 Eastern Standard Time elapsed time: 370.565838 seconds (0d 0h 6m 10s)

---------------  T H R E A D  ---------------

Current thread (0x000002286942a7d0):  JavaThread "C2 CompilerThread0" daemon [_thread_in_native, id=20976, stack(0x0000004311100000,0x0000004311200000)]


Current CompileTask:
C2: 370566 2765       4       sun.security.ec.point.ProjectivePoint$Mutable::conditionalSet (53 bytes)

Stack: [0x0000004311100000,0x0000004311200000]
Native frames: (J=compiled Java code, j=interpreted, Vv=VM code, C=native code)
V  [jvm.dll+0x6ee8fa]
V  [jvm.dll+0x857a1e]
V  [jvm.dll+0x85940e]
V  [jvm.dll+0x859ac3]
V  [jvm.dll+0x28291f]
V  [jvm.dll+0xc9b5f]
V  [jvm.dll+0xc9ee5]
V  [jvm.dll+0x5ff30d]
V  [jvm.dll+0x5ed966]
V  [jvm.dll+0x5ed4c5]
V  [jvm.dll+0x7ba648]
V  [jvm.dll+0x7b30d6]
V  [jvm.dll+0x7bcd14]
V  [jvm.dll+0x5f1608]
V  [jvm.dll+0x2551fc]
V  [jvm.dll+0x24e097]
V  [jvm.dll+0x24b563]
V  [jvm.dll+0x1d6d61]
V  [jvm.dll+0x25b0fa]
V  [jvm.dll+0x259588]
V  [jvm.dll+0x807928]
V  [jvm.dll+0x8015fa]
V  [jvm.dll+0x6ed5eb]
C  [ucrtbase.dll+0x21bb2]
C  [KERNEL32.DLL+0x174b4]
C  [ntdll.dll+0x526a1]


---------------  P R O C E S S  ---------------

Threads class SMR info:
_java_thread_list=0x000002286ed7ad60, length=23, elements={
0x000002284683c070, 0x0000022869416730, 0x0000022869417400, 0x000002286941aae0,
0x000002286941d5c0, 0x000002286941e7e0, 0x0000022869424f20, 0x000002286942a7d0,
0x000002286942c2f0, 0x0000022869426460, 0x0000022869426f00, 0x0000022869427450,
0x00000228694259c0, 0x0000022869425f10, 0x0000022869427ef0, 0x00000228694279a0,
0x0000022869428440, 0x000002286ee27490, 0x000002286ee23f70, 0x000002286ee27f30,
0x000002286ee264a0, 0x000002286ee234d0, 0x000002286e6fb750
}

Java Threads: ( => current thread )
  0x000002284683c070 JavaThread "main" [_thread_in_native, id=18548, stack(0x0000004310400000,0x0000004310500000)]
  0x0000022869416730 JavaThread "Reference Handler" daemon [_thread_blocked, id=21096, stack(0x0000004310b00000,0x0000004310c00000)]
  0x0000022869417400 JavaThread "Finalizer" daemon [_thread_blocked, id=19316, stack(0x0000004310c00000,0x0000004310d00000)]
  0x000002286941aae0 JavaThread "Signal Dispatcher" daemon [_thread_blocked, id=8564, stack(0x0000004310d00000,0x0000004310e00000)]
  0x000002286941d5c0 JavaThread "Attach Listener" daemon [_thread_blocked, id=20944, stack(0x0000004310e00000,0x0000004310f00000)]
  0x000002286941e7e0 JavaThread "Service Thread" daemon [_thread_blocked, id=6884, stack(0x0000004310f00000,0x0000004311000000)]
  0x0000022869424f20 JavaThread "Monitor Deflation Thread" daemon [_thread_blocked, id=11896, stack(0x0000004311000000,0x0000004311100000)]
=>0x000002286942a7d0 JavaThread "C2 CompilerThread0" daemon [_thread_in_native, id=20976, stack(0x0000004311100000,0x0000004311200000)]
  0x000002286942c2f0 JavaThread "C1 CompilerThread0" daemon [_thread_blocked, id=6204, stack(0x0000004311200000,0x0000004311300000)]
  0x0000022869426460 JavaThread "Sweeper thread" daemon [_thread_blocked, id=16672, stack(0x0000004311300000,0x0000004311400000)]
  0x0000022869426f00 JavaThread "Notification Thread" daemon [_thread_blocked, id=3920, stack(0x0000004311400000,0x0000004311500000)]
  0x0000022869427450 JavaThread "Common-Cleaner" daemon [_thread_blocked, id=20744, stack(0x0000004311600000,0x0000004311700000)]
  0x00000228694259c0 JavaThread "AsyncHttpClient-1-1" daemon [_thread_blocked, id=18804, stack(0x0000004311d00000,0x0000004311e00000)]
  0x0000022869425f10 JavaThread "Exec Default Executor" daemon [_thread_in_native, id=20536, stack(0x0000004311e00000,0x0000004311f00000)]
  0x0000022869427ef0 JavaThread "Driver Service Executor" daemon [_thread_blocked, id=21488, stack(0x0000004311f00000,0x0000004312000000)]
  0x00000228694279a0 JavaThread "Driver Service Executor" daemon [_thread_blocked, id=17600, stack(0x0000004312000000,0x0000004312100000)]
  0x0000022869428440 JavaThread "Exec Stream Pumper" daemon [_thread_in_native, id=3600, stack(0x0000004312200000,0x0000004312300000)]
  0x000002286ee27490 JavaThread "Exec Stream Pumper" daemon [_thread_in_native, id=21792, stack(0x0000004312300000,0x0000004312400000)]
  0x000002286ee23f70 JavaThread "AsyncHttpClient-1-2" daemon [_thread_in_native, id=4480, stack(0x0000004312400000,0x0000004312500000)]
  0x000002286ee27f30 JavaThread "AsyncHttpClient-1-3" daemon [_thread_in_native, id=20340, stack(0x0000004312500000,0x0000004312600000)]
  0x000002286ee264a0 JavaThread "AsyncHttpClient-1-4" daemon [_thread_in_native, id=22204, stack(0x0000004312600000,0x0000004312700000)]
  0x000002286ee234d0 JavaThread "AsyncHttpClient-1-5" daemon [_thread_in_native, id=7520, stack(0x0000004310100000,0x0000004310200000)]
  0x000002286e6fb750 JavaThread "C2 CompilerThread1" daemon [_thread_blocked, id=3952, stack(0x0000004311700000,0x0000004311800000)]

Other Threads:
  0x00000228693f5150 VMThread "VM Thread" [stack: 0x0000004310a00000,0x0000004310b00000] [id=14484]
  0x000002286d8f3510 WatcherThread "VM Periodic Task Thread" [stack: 0x0000004311500000,0x0000004311600000] [id=18348]
  0x00000228468aa5c0 WorkerThread "GC Thread#0" [stack: 0x0000004310500000,0x0000004310600000] [id=14348]
  0x000002286de8fad0 WorkerThread "GC Thread#1" [stack: 0x0000004311800000,0x0000004311900000] [id=18676]
  0x000002286decff30 WorkerThread "GC Thread#2" [stack: 0x0000004311900000,0x0000004311a00000] [id=32]
  0x000002286dbfb4b0 WorkerThread "GC Thread#3" [stack: 0x0000004311a00000,0x0000004311b00000] [id=21544]
  0x00000228468be0d0 ConcurrentGCThread "G1 Main Marker" [stack: 0x0000004310600000,0x0000004310700000] [id=22392]
  0x00000228468bea10 WorkerThread "G1 Conc#0" [stack: 0x0000004310700000,0x0000004310800000] [id=19320]
  0x00000228692b2150 ConcurrentGCThread "G1 Refine#0" [stack: 0x0000004310800000,0x0000004310900000] [id=9684]
  0x00000228692b4960 ConcurrentGCThread "G1 Service" [stack: 0x0000004310900000,0x0000004310a00000] [id=22332]

Threads with active compile tasks:
C2 CompilerThread0   370579 2765       4       sun.security.ec.point.ProjectivePoint$Mutable::conditionalSet (53 bytes)

VM state: not at safepoint (normal execution)

VM Mutex/Monitor currently owned by a thread: None

Heap address: 0x0000000700c00000, size: 4084 MB, Compressed Oops mode: Zero based, Oop shift amount: 3

CDS archive(s) mapped at: [0x0000000800000000-0x0000000800c40000-0x0000000800c40000), size 12845056, SharedBaseAddress: 0x0000000800000000, ArchiveRelocationMode: 0.
Compressed class space mapped at: 0x0000000801000000-0x0000000841000000, reserved size: 1073741824
Narrow klass base: 0x0000000800000000, Narrow klass shift: 0, Narrow klass range: 0x100000000

GC Precious Log:
 CardTable entry size: 512
 Card Set container configuration: InlinePtr #cards 4 size 8 Array Of Cards #cards 8 size 32 Howl #buckets 8 coarsen threshold 3686 Howl Bitmap #cards 512 size 80 coarsen threshold 460 Card regions per heap region 1 cards per card region 4096
 CPUs: 4 total, 4 available
 Memory: 16332M
 Large Page Support: Disabled
 NUMA Support: Disabled
 Compressed Oops: Enabled (Zero based)
 Heap Region Size: 2M
 Heap Min Capacity: 8M
 Heap Initial Capacity: 256M
 Heap Max Capacity: 4084M
 Pre-touch: Disabled
 Parallel Workers: 4
 Concurrent Workers: 1
 Concurrent Refinement Workers: 4
 Periodic GC: Disabled

Heap:
 garbage-first heap   total 69632K, used 33932K [0x0000000700c00000, 0x0000000800000000)
  region size 2048K, 10 young (20480K), 3 survivors (6144K)
 Metaspace       used 24698K, committed 24896K, reserved 1114112K
  class space    used 2808K, committed 2880K, reserved 1048576K

Heap Regions: E=young(eden), S=young(survivor), O=old, HS=humongous(starts), HC=humongous(continues), CS=collection set, F=free, OA=open archive, CA=closed archive, TAMS=top-at-mark-start (previous, next)
|   0|0x0000000700c00000, 0x0000000700e00000, 0x0000000700e00000|100%| O|  |TAMS 0x0000000700e00000, 0x0000000700c00000| Untracked 
|   1|0x0000000700e00000, 0x0000000701000000, 0x0000000701000000|100%| O|  |TAMS 0x0000000701000000, 0x0000000700e00000| Untracked 
|   2|0x0000000701000000, 0x0000000701200000, 0x0000000701200000|100%| O|  |TAMS 0x0000000701200000, 0x0000000701000000| Untracked 
|   3|0x0000000701200000, 0x0000000701400000, 0x0000000701400000|100%| O|  |TAMS 0x0000000701400000, 0x0000000701200000| Untracked 
|   4|0x0000000701400000, 0x0000000701600000, 0x0000000701600000|100%| O|  |TAMS 0x000000070155cc00, 0x0000000701400000| Untracked 
|   5|0x0000000701600000, 0x0000000701723000, 0x0000000701800000| 56%| O|  |TAMS 0x0000000701600000, 0x0000000701600000| Complete 
|   6|0x0000000701800000, 0x0000000701a00000, 0x0000000701a00000|100%|HS|  |TAMS 0x0000000701800000, 0x0000000701800000| Complete 
|   7|0x0000000701a00000, 0x0000000701c00000, 0x0000000701c00000|100%|HC|  |TAMS 0x0000000701a00000, 0x0000000701a00000| Complete 
|   8|0x0000000701c00000, 0x0000000701e00000, 0x0000000701e00000|100%|HC|  |TAMS 0x0000000701c00000, 0x0000000701c00000| Complete 
|   9|0x0000000701e00000, 0x0000000701e00000, 0x0000000702000000|  0%| F|  |TAMS 0x0000000701e00000, 0x0000000701e00000| Untracked 
|  10|0x0000000702000000, 0x0000000702000000, 0x0000000702200000|  0%| F|  |TAMS 0x0000000702000000, 0x0000000702000000| Untracked 
|  11|0x0000000702200000, 0x0000000702200000, 0x0000000702400000|  0%| F|  |TAMS 0x0000000702200000, 0x0000000702200000| Untracked 
|  12|0x0000000702400000, 0x0000000702400000, 0x0000000702600000|  0%| F|  |TAMS 0x0000000702400000, 0x0000000702400000| Untracked 
|  13|0x0000000702600000, 0x0000000702600000, 0x0000000702800000|  0%| F|  |TAMS 0x0000000702600000, 0x0000000702600000| Untracked 
|  14|0x0000000702800000, 0x0000000702800000, 0x0000000702a00000|  0%| F|  |TAMS 0x0000000702800000, 0x0000000702800000| Untracked 
|  15|0x0000000702a00000, 0x0000000702a00000, 0x0000000702c00000|  0%| F|  |TAMS 0x0000000702a00000, 0x0000000702a00000| Untracked 
|  16|0x0000000702c00000, 0x0000000702c00000, 0x0000000702e00000|  0%| F|  |TAMS 0x0000000702c00000, 0x0000000702c00000| Untracked 
|  17|0x0000000702e00000, 0x0000000702e00000, 0x0000000703000000|  0%| F|  |TAMS 0x0000000702e00000, 0x0000000702e00000| Untracked 
|  18|0x0000000703000000, 0x0000000703000000, 0x0000000703200000|  0%| F|  |TAMS 0x0000000703000000, 0x0000000703000000| Untracked 
|  19|0x0000000703200000, 0x0000000703200000, 0x0000000703400000|  0%| F|  |TAMS 0x0000000703200000, 0x0000000703200000| Untracked 
|  20|0x0000000703400000, 0x0000000703400000, 0x0000000703600000|  0%| F|  |TAMS 0x0000000703400000, 0x0000000703400000| Untracked 
|  21|0x0000000703600000, 0x0000000703600000, 0x0000000703800000|  0%| F|  |TAMS 0x0000000703600000, 0x0000000703600000| Untracked 
|  22|0x0000000703800000, 0x0000000703800000, 0x0000000703a00000|  0%| F|  |TAMS 0x0000000703800000, 0x0000000703800000| Untracked 
|  23|0x0000000703a00000, 0x0000000703a00000, 0x0000000703c00000|  0%| F|  |TAMS 0x0000000703a00000, 0x0000000703a00000| Untracked 
|  24|0x0000000703c00000, 0x0000000703df7df0, 0x0000000703e00000| 98%| E|  |TAMS 0x0000000703c00000, 0x0000000703c00000| Complete 
|  25|0x0000000703e00000, 0x0000000704000000, 0x0000000704000000|100%| E|CS|TAMS 0x0000000703e00000, 0x0000000703e00000| Complete 
|  26|0x0000000704000000, 0x0000000704200000, 0x0000000704200000|100%| E|CS|TAMS 0x0000000704000000, 0x0000000704000000| Complete 
|  27|0x0000000704200000, 0x0000000704400000, 0x0000000704400000|100%| E|CS|TAMS 0x0000000704200000, 0x0000000704200000| Complete 
|  28|0x0000000704400000, 0x0000000704600000, 0x0000000704600000|100%| E|CS|TAMS 0x0000000704400000, 0x0000000704400000| Complete 
|  29|0x0000000704600000, 0x0000000704800000, 0x0000000704800000|100%| E|CS|TAMS 0x0000000704600000, 0x0000000704600000| Complete 
| 107|0x000000070e200000, 0x000000070e400000, 0x000000070e400000|100%| S|CS|TAMS 0x000000070e200000, 0x000000070e200000| Complete 
| 108|0x000000070e400000, 0x000000070e600000, 0x000000070e600000|100%| S|CS|TAMS 0x000000070e400000, 0x000000070e400000| Complete 
| 109|0x000000070e600000, 0x000000070e800000, 0x000000070e800000|100%| S|CS|TAMS 0x000000070e600000, 0x000000070e600000| Complete 
| 127|0x0000000710a00000, 0x0000000710c00000, 0x0000000710c00000|100%| E|  |TAMS 0x0000000710a00000, 0x0000000710a00000| Complete 

Card table byte_map: [0x000002285df90000,0x000002285e790000] _byte_map_base: 0x000002285a78a000

Marking Bits (Prev, Next): (CMBitMap*) 0x00000228468acf60, (CMBitMap*) 0x00000228468acf20
 Prev Bits: [0x0000022862f60000, 0x0000022866f30000)
 Next Bits: [0x000002285ef90000, 0x0000022862f60000)

Polling page: 0x00000228447b0000

Metaspace:

Usage:
  Non-class:     21.38 MB used.
      Class:      2.74 MB used.
       Both:     24.12 MB used.

Virtual space:
  Non-class space:       64.00 MB reserved,      21.50 MB ( 34%) committed,  1 nodes.
      Class space:        1.00 GB reserved,       2.81 MB ( <1%) committed,  1 nodes.
             Both:        1.06 GB reserved,      24.31 MB (  2%) committed. 

Chunk freelists:
   Non-Class:  2.48 MB
       Class:  1.12 MB
        Both:  3.61 MB

MaxMetaspaceSize: unlimited
CompressedClassSpaceSize: 1.00 GB
Initial GC threshold: 21.00 MB
Current GC threshold: 35.12 MB
CDS: on
MetaspaceReclaimPolicy: balanced
 - commit_granule_bytes: 65536.
 - commit_granule_words: 8192.
 - virtual_space_node_default_size: 8388608.
 - enlarge_chunks_in_place: 1.
 - new_chunks_are_fully_committed: 0.
 - uncommit_free_chunks: 1.
 - use_allocation_guard: 0.


Internal statistics:

num_allocs_failed_limit: 3.
num_arena_births: 182.
num_arena_deaths: 0.
num_vsnodes_births: 2.
num_vsnodes_deaths: 0.
num_space_committed: 389.
num_space_uncommitted: 0.
num_chunks_returned_to_freelist: 3.
num_chunks_taken_from_freelist: 753.
num_chunk_merges: 3.
num_chunk_splits: 541.
num_chunks_enlarged: 432.
num_inconsistent_stats: 0.

CodeHeap 'non-profiled nmethods': size=120000Kb used=1143Kb max_used=1143Kb free=118856Kb
 bounds [0x0000022856260000, 0x00000228564d0000, 0x000002285d790000]
CodeHeap 'profiled nmethods': size=120000Kb used=5374Kb max_used=5374Kb free=114625Kb
 bounds [0x000002284e790000, 0x000002284ecd0000, 0x0000022855cc0000]
CodeHeap 'non-nmethods': size=5760Kb used=1393Kb max_used=1421Kb free=4366Kb
 bounds [0x0000022855cc0000, 0x0000022855f30000, 0x0000022856260000]
 total_blobs=3404 nmethods=2772 adapters=542
 compilation: enabled
              stopped_count=0, restarted_count=0
 full_count=0

Compilation events (20 events):
Event: 370.554 Thread 0x000002286942c2f0 2767       3       sun.security.util.math.intpoly.IntegerPolynomial$MutableElement::fixed (26 bytes)
Event: 370.554 Thread 0x000002286942a7d0 nmethod 2759% 0x000002285637af10 code [0x000002285637b0a0, 0x000002285637b518]
Event: 370.554 Thread 0x000002286942a7d0 2763       4       sun.security.util.math.intpoly.IntegerPolynomial$MutableElement::setProduct (6 bytes)
Event: 370.554 Thread 0x000002286942c2f0 nmethod 2767 0x000002284ecca010 code [0x000002284ecca1e0, 0x000002284ecca748]
Event: 370.556 Thread 0x000002286942c2f0 2769       3       java.lang.invoke.VarHandleGuards::guard_LIJ_V (135 bytes)
Event: 370.557 Thread 0x000002286e6fb750 nmethod 2754% 0x000002285637b990 code [0x000002285637bb20, 0x000002285637c078]
Event: 370.558 Thread 0x000002286e6fb750 2764       4       sun.security.util.math.intpoly.IntegerPolynomialP384::reduce (56 bytes)
Event: 370.558 Thread 0x000002286942c2f0 nmethod 2769 0x000002284ecca910 code [0x000002284eccad20, 0x000002284eccd348]
Event: 370.558 Thread 0x000002286942c2f0 2770       3       java.lang.invoke.VarHandleByteArrayAsLongs$ArrayHandle::set (39 bytes)
Event: 370.558 Thread 0x000002286942c2f0 nmethod 2770 0x000002284eccde10 code [0x000002284eccdfe0, 0x000002284ecce428]
Event: 370.559 Thread 0x000002286942c2f0 2773       3       com.sun.crypto.provider.AESCrypt::encryptBlock (10 bytes)
Event: 370.559 Thread 0x000002286e6fb750 nmethod 2764 0x000002285637c310 code [0x000002285637c4a0, 0x000002285637c608]
Event: 370.559 Thread 0x000002286e6fb750 2771       4       java.util.Objects::checkFromIndexSize (8 bytes)
Event: 370.559 Thread 0x000002286942c2f0 nmethod 2773 0x000002284ecce610 code [0x000002284ecce7c0, 0x000002284ecce908]
Event: 370.559 Thread 0x000002286942c2f0 2774       3       com.sun.crypto.provider.GHASH::processBlock (37 bytes)
Event: 370.559 Thread 0x000002286942a7d0 nmethod 2763 0x000002285637c710 code [0x000002285637c8a0, 0x000002285637cb98]
Event: 370.559 Thread 0x000002286942a7d0 2765       4       sun.security.ec.point.ProjectivePoint$Mutable::conditionalSet (53 bytes)
Event: 370.559 Thread 0x000002286e6fb750 nmethod 2771 0x000002285637cd90 code [0x000002285637cf20, 0x000002285637cfd8]
Event: 370.559 Thread 0x000002286e6fb750 2768       4       sun.security.util.math.intpoly.IntegerPolynomialP384::square (1145 bytes)
Event: 370.559 Thread 0x000002286942c2f0 nmethod 2774 0x000002284ecce990 code [0x000002284eccec00, 0x000002284eccf628]

GC Heap History (8 events):
Event: 0.411 GC heap before
{Heap before GC invocations=0 (full 0):
 garbage-first heap   total 262144K, used 10240K [0x0000000700c00000, 0x0000000800000000)
  region size 2048K, 6 young (12288K), 0 survivors (0K)
 Metaspace       used 2379K, committed 2624K, reserved 1114112K
  class space    used 209K, committed 320K, reserved 1048576K
}
Event: 0.416 GC heap after
{Heap after GC invocations=1 (full 0):
 garbage-first heap   total 262144K, used 7130K [0x0000000700c00000, 0x0000000800000000)
  region size 2048K, 1 young (2048K), 1 survivors (2048K)
 Metaspace       used 2379K, committed 2624K, reserved 1114112K
  class space    used 209K, committed 320K, reserved 1048576K
}
Event: 0.695 GC heap before
{Heap before GC invocations=1 (full 0):
 garbage-first heap   total 262144K, used 17370K [0x0000000700c00000, 0x0000000800000000)
  region size 2048K, 6 young (12288K), 1 survivors (2048K)
 Metaspace       used 5298K, committed 5440K, reserved 1114112K
  class space    used 472K, committed 512K, reserved 1048576K
}
Event: 0.698 GC heap after
{Heap after GC invocations=2 (full 0):
 garbage-first heap   total 262144K, used 8536K [0x0000000700c00000, 0x0000000800000000)
  region size 2048K, 1 young (2048K), 1 survivors (2048K)
 Metaspace       used 5298K, committed 5440K, reserved 1114112K
  class space    used 472K, committed 512K, reserved 1048576K
}
Event: 1.436 GC heap before
{Heap before GC invocations=2 (full 0):
 garbage-first heap   total 262144K, used 29016K [0x0000000700c00000, 0x0000000800000000)
  region size 2048K, 12 young (24576K), 1 survivors (2048K)
 Metaspace       used 12848K, committed 13056K, reserved 1114112K
  class space    used 1239K, committed 1344K, reserved 1048576K
}
Event: 1.445 GC heap after
{Heap after GC invocations=3 (full 0):
 garbage-first heap   total 262144K, used 13683K [0x0000000700c00000, 0x0000000800000000)
  region size 2048K, 2 young (4096K), 2 survivors (4096K)
 Metaspace       used 12848K, committed 13056K, reserved 1114112K
  class space    used 1239K, committed 1344K, reserved 1048576K
}
Event: 2.191 GC heap before
{Heap before GC invocations=3 (full 0):
 garbage-first heap   total 262144K, used 42355K [0x0000000700c00000, 0x0000000800000000)
  region size 2048K, 18 young (36864K), 2 survivors (4096K)
 Metaspace       used 21269K, committed 21504K, reserved 1114112K
  class space    used 2340K, committed 2496K, reserved 1048576K
}
Event: 2.199 GC heap after
{Heap after GC invocations=4 (full 0):
 garbage-first heap   total 262144K, used 17548K [0x0000000700c00000, 0x0000000800000000)
  region size 2048K, 3 young (6144K), 3 survivors (6144K)
 Metaspace       used 21269K, committed 21504K, reserved 1114112K
  class space    used 2340K, committed 2496K, reserved 1048576K
}

Dll operation events (11 events):
Event: 0.010 Loaded shared library C:\Program Files\Java\jdk-19\bin\java.dll
Event: 0.032 Loaded shared library C:\Program Files\Java\jdk-19\bin\jsvml.dll
Event: 0.217 Loaded shared library C:\Program Files\Java\jdk-19\bin\jimage.dll
Event: 0.242 Loaded shared library C:\Program Files\Java\jdk-19\bin\net.dll
Event: 0.244 Loaded shared library C:\Program Files\Java\jdk-19\bin\nio.dll
Event: 0.247 Loaded shared library C:\Program Files\Java\jdk-19\bin\zip.dll
Event: 0.587 Loaded shared library C:\Program Files\Java\jdk-19\bin\extnet.dll
Event: 0.650 Loaded shared library C:\Program Files\Java\jdk-19\bin\sunmscapi.dll
Event: 1.096 Loaded shared library C:\Program Files\Java\jdk-19\bin\verify.dll
Event: 1.707 Loaded shared library C:\Program Files\Java\jdk-19\bin\management.dll
Event: 1.710 Loaded shared library C:\Program Files\Java\jdk-19\bin\management_ext.dll

Deoptimization events (20 events):
Event: 370.536 Thread 0x000002284683c070 Uncommon trap: trap_request=0xffffffc6 fr.pc=0x00000228562d4470 relative=0x00000000000003b0
Event: 370.536 Thread 0x000002284683c070 Uncommon trap: reason=bimorphic_or_optimized_type_check action=maybe_recompile pc=0x00000228562d4470 method=sun.security.util.math.intpoly.IntegerPolynomial.multByInt([JJ)V @ 26 c2
Event: 370.536 Thread 0x000002284683c070 DEOPT PACKING pc=0x00000228562d4470 sp=0x00000043104fe2e0
Event: 370.536 Thread 0x000002284683c070 DEOPT UNPACKING pc=0x0000022855d26da3 sp=0x00000043104fe240 mode 2
Event: 370.536 Thread 0x000002284683c070 Uncommon trap: trap_request=0xffffffc6 fr.pc=0x00000228562d4470 relative=0x00000000000003b0
Event: 370.536 Thread 0x000002284683c070 Uncommon trap: reason=bimorphic_or_optimized_type_check action=maybe_recompile pc=0x00000228562d4470 method=sun.security.util.math.intpoly.IntegerPolynomial.multByInt([JJ)V @ 26 c2
Event: 370.536 Thread 0x000002284683c070 DEOPT PACKING pc=0x00000228562d4470 sp=0x00000043104fe2e0
Event: 370.536 Thread 0x000002284683c070 DEOPT UNPACKING pc=0x0000022855d26da3 sp=0x00000043104fe240 mode 2
Event: 370.536 Thread 0x000002284683c070 Uncommon trap: trap_request=0xffffffc6 fr.pc=0x00000228562d4470 relative=0x00000000000003b0
Event: 370.536 Thread 0x000002284683c070 Uncommon trap: reason=bimorphic_or_optimized_type_check action=maybe_recompile pc=0x00000228562d4470 method=sun.security.util.math.intpoly.IntegerPolynomial.multByInt([JJ)V @ 26 c2
Event: 370.536 Thread 0x000002284683c070 DEOPT PACKING pc=0x00000228562d4470 sp=0x00000043104fe2e0
Event: 370.536 Thread 0x000002284683c070 DEOPT UNPACKING pc=0x0000022855d26da3 sp=0x00000043104fe240 mode 2
Event: 370.536 Thread 0x000002284683c070 Uncommon trap: trap_request=0xffffffc6 fr.pc=0x00000228562cf794 relative=0x0000000000000354
Event: 370.536 Thread 0x000002284683c070 Uncommon trap: reason=bimorphic_or_optimized_type_check action=maybe_recompile pc=0x00000228562cf794 method=sun.security.util.math.intpoly.IntegerPolynomial.multByInt([JJ)V @ 26 c2
Event: 370.536 Thread 0x000002284683c070 DEOPT PACKING pc=0x00000228562cf794 sp=0x00000043104fe240
Event: 370.536 Thread 0x000002284683c070 DEOPT UNPACKING pc=0x0000022855d26da3 sp=0x00000043104fe230 mode 2
Event: 370.544 Thread 0x000002284683c070 Uncommon trap: trap_request=0xffffff45 fr.pc=0x0000022856366100 relative=0x00000000000002c0
Event: 370.544 Thread 0x000002284683c070 Uncommon trap: reason=unstable_if action=reinterpret pc=0x0000022856366100 method=java.util.LinkedHashMap.get(Ljava/lang/Object;)Ljava/lang/Object; @ 16 c2
Event: 370.544 Thread 0x000002284683c070 DEOPT PACKING pc=0x0000022856366100 sp=0x00000043104fe560
Event: 370.544 Thread 0x000002284683c070 DEOPT UNPACKING pc=0x0000022855d26da3 sp=0x00000043104fe518 mode 2

Classes loaded (20 events):
Event: 3.325 Loading class java/util/stream/ReduceOps$6
Event: 3.326 Loading class java/util/stream/ReduceOps$6 done
Event: 3.326 Loading class java/util/stream/ReduceOps$5ReducingSink
Event: 3.326 Loading class java/util/stream/ReduceOps$5ReducingSink done
Event: 3.326 Loading class java/util/stream/ReferencePipeline$4$1
Event: 3.326 Loading class java/util/stream/ReferencePipeline$4$1 done
Event: 3.326 Loading class java/util/stream/SortedOps$SizedRefSortingSink
Event: 3.326 Loading class java/util/stream/SortedOps$AbstractRefSortingSink
Event: 3.326 Loading class java/util/stream/SortedOps$AbstractRefSortingSink done
Event: 3.326 Loading class java/util/stream/SortedOps$SizedRefSortingSink done
Event: 3.934 Loading class java/util/concurrent/ConcurrentLinkedDeque$Itr
Event: 3.934 Loading class java/util/concurrent/ConcurrentLinkedDeque$AbstractItr
Event: 3.934 Loading class java/util/concurrent/ConcurrentLinkedDeque$AbstractItr done
Event: 3.934 Loading class java/util/concurrent/ConcurrentLinkedDeque$Itr done
Event: 7.326 Loading class java/net/URLEncoder
Event: 7.326 Loading class java/net/URLEncoder done
Event: 7.326 Loading class java/io/CharArrayWriter
Event: 7.326 Loading class java/io/CharArrayWriter done
Event: 190.509 Loading class sun/misc/SharedSecrets
Event: 190.509 Loading class sun/misc/SharedSecrets done

Classes unloaded (0 events):
No events

Classes redefined (0 events):
No events

Internal exceptions (20 events):
Event: 1.868 Thread 0x0000022869425f10 Exception <a 'java/lang/NoSuchMethodError'{0x000000070f567e28}: 'java.lang.Object java.lang.invoke.DirectMethodHandle$Holder.invokeStaticInit(java.lang.Object, long, java.lang.Object)'> (0x000000070f567e28) 
thrown [s\open\src\hotspot\share\interpreter\linkResolver.cpp, line 774]
Event: 1.875 Thread 0x00000228694269b0 Exception <a 'java/net/ConnectException'{0x000000070f5d5380}: Connection refused: no further information> (0x000000070f5d5380) 
thrown [s\open\src\hotspot\share\prims\jni.cpp, line 536]
Event: 1.906 Thread 0x00000228694269b0 Exception <a 'java/net/ConnectException'{0x000000070f5d6320}: Connection refused: no further information> (0x000000070f5d6320) 
thrown [s\open\src\hotspot\share\prims\jni.cpp, line 536]
Event: 1.955 Thread 0x00000228694269b0 Exception <a 'java/net/ConnectException'{0x000000070f5d72c0}: Connection refused: no further information> (0x000000070f5d72c0) 
thrown [s\open\src\hotspot\share\prims\jni.cpp, line 536]
Event: 2.061 Thread 0x000002284683c070 Exception <a 'java/lang/NoSuchMethodError'{0x000000070ee86338}: 'int java.lang.invoke.DirectMethodHandle$Holder.invokeVirtual(java.lang.Object, java.lang.Object)'> (0x000000070ee86338) 
thrown [s\open\src\hotspot\share\interpreter\linkResolver.cpp, line 774]
Event: 2.062 Thread 0x000002284683c070 Exception <a 'java/lang/NoSuchMethodError'{0x000000070ee8cae0}: 'double java.lang.invoke.DirectMethodHandle$Holder.invokeVirtual(java.lang.Object, java.lang.Object)'> (0x000000070ee8cae0) 
thrown [s\open\src\hotspot\share\interpreter\linkResolver.cpp, line 774]
Event: 2.062 Thread 0x000002284683c070 Exception <a 'java/lang/NoSuchMethodError'{0x000000070ee93370}: 'float java.lang.invoke.DirectMethodHandle$Holder.invokeVirtual(java.lang.Object, java.lang.Object)'> (0x000000070ee93370) 
thrown [s\open\src\hotspot\share\interpreter\linkResolver.cpp, line 774]
Event: 2.063 Thread 0x000002284683c070 Exception <a 'java/lang/NoSuchMethodError'{0x000000070ee9c548}: 'long java.lang.invoke.DirectMethodHandle$Holder.invokeVirtual(java.lang.Object, java.lang.Object)'> (0x000000070ee9c548) 
thrown [s\open\src\hotspot\share\interpreter\linkResolver.cpp, line 774]
Event: 2.067 Thread 0x000002284683c070 Exception <a 'java/lang/NoSuchMethodError'{0x000000070eec6000}: 'void java.lang.invoke.DirectMethodHandle$Holder.invokeStatic(java.lang.Object, java.lang.Object, java.lang.Object)'> (0x000000070eec6000) 
thrown [s\open\src\hotspot\share\interpreter\linkResolver.cpp, line 774]
Event: 2.089 Thread 0x000002284683c070 Exception <a 'java/lang/NoSuchMethodError'{0x000000070efdfb58}: 'void java.lang.invoke.DirectMethodHandle$Holder.invokeSpecial(java.lang.Object, java.lang.Object, java.lang.Object, java.lang.Object, java.lang.Object)'> (0x000000070efdfb58) 
thrown [s\open\src\hotspot\share\interpreter\linkResolver.cpp, line 774]
Event: 2.090 Thread 0x000002284683c070 Exception <a 'java/lang/NoSuchMethodError'{0x000000070efe69b8}: 'void java.lang.invoke.DirectMethodHandle$Holder.invokeStatic(java.lang.Object, java.lang.Object, int)'> (0x000000070efe69b8) 
thrown [s\open\src\hotspot\share\interpreter\linkResolver.cpp, line 774]
Event: 2.103 Thread 0x000002284683c070 Exception <a 'java/lang/NoSuchMethodError'{0x000000070ec90278}: 'java.lang.Object java.lang.invoke.DirectMethodHandle$Holder.newInvokeSpecial(java.lang.Object, java.lang.Object, java.lang.Object, java.lang.Object, java.lang.Object)'> (0x000000070ec90278) 
thrown [s\open\src\hotspot\share\interpreter\linkResolver.cpp, line 774]
Event: 2.124 Thread 0x000002284683c070 Exception <a 'java/lang/NoSuchMethodError'{0x000000070ea096d0}: 'int java.lang.invoke.DirectMethodHandle$Holder.invokeSpecialIFC(java.lang.Object, java.lang.Object, java.lang.Object)'> (0x000000070ea096d0) 
thrown [s\open\src\hotspot\share\interpreter\linkResolver.cpp, line 774]
Event: 2.132 Thread 0x000002284683c070 Exception <a 'java/lang/NoSuchMethodError'{0x000000070ea72008}: 'java.lang.Object java.lang.invoke.Invokers$Holder.invokeExact_MT(java.lang.Object, java.lang.Object, java.lang.Object, java.lang.Object, java.lang.Object, java.lang.Object)'> (0x000000070ea72008) 
thrown [s\open\src\hotspot\share\interpreter\linkResolver.cpp, line 774]
Event: 2.156 Thread 0x000002284683c070 Exception <a 'java/lang/NoSuchMethodError'{0x000000070ebc8270}: 'void java.lang.invoke.DirectMethodHandle$Holder.invokeStatic(java.lang.Object, java.lang.Object, java.lang.Object, java.lang.Object)'> (0x000000070ebc8270) 
thrown [s\open\src\hotspot\share\interpreter\linkResolver.cpp, line 774]
Event: 2.183 Thread 0x000002284683c070 Exception <a 'java/lang/NoSuchMethodError'{0x000000070e96f6d8}: 'void java.lang.invoke.DirectMethodHandle$Holder.invokeSpecial(java.lang.Object, java.lang.Object, java.lang.Object, java.lang.Object, java.lang.Object, java.lang.Object)'> (0x000000070e96f6d8) 
thrown [s\open\src\hotspot\share\interpreter\linkResolver.cpp, line 774]
Event: 3.234 Thread 0x000002284683c070 Exception <a 'java/lang/NoSuchMethodError'{0x0000000704275ef0}: 'java.lang.Object java.lang.invoke.DirectMethodHandle$Holder.invokeSpecialIFC(java.lang.Object, java.lang.Object, java.lang.Object)'> (0x0000000704275ef0) 
thrown [s\open\src\hotspot\share\interpreter\linkResolver.cpp, line 774]
Event: 3.249 Thread 0x000002284683c070 Exception <a 'java/lang/ClassNotFoundException'{0x00000007042f9f00}: sun/util/logging/resources/spi/loggingProvider> (0x00000007042f9f00) 
thrown [s\open\src\hotspot\share\classfile\systemDictionary.cpp, line 255]
Event: 7.324 Thread 0x000002284683c070 Implicit null exception at 0x00000228562b81fa to 0x00000228562b881c
Event: 190.509 Thread 0x000002284683c070 Exception <a 'java/lang/ClassNotFoundException'{0x0000000703c30480}: sun/misc/SharedSecrets> (0x0000000703c30480) 
thrown [s\open\src\hotspot\share\classfile\systemDictionary.cpp, line 255]

VM Operations (20 events):
Event: 32.486 Executing VM operation: Cleanup
Event: 32.486 Executing VM operation: Cleanup done
Event: 63.768 Executing VM operation: Cleanup
Event: 63.768 Executing VM operation: Cleanup done
Event: 112.079 Executing VM operation: Cleanup
Event: 112.079 Executing VM operation: Cleanup done
Event: 190.651 Executing VM operation: Cleanup
Event: 190.651 Executing VM operation: Cleanup done
Event: 215.876 Executing VM operation: Cleanup
Event: 215.876 Executing VM operation: Cleanup done
Event: 252.110 Executing VM operation: Cleanup
Event: 252.110 Executing VM operation: Cleanup done
Event: 274.295 Executing VM operation: Cleanup
Event: 274.295 Executing VM operation: Cleanup done
Event: 285.332 Executing VM operation: Cleanup
Event: 285.332 Executing VM operation: Cleanup done
Event: 303.450 Executing VM operation: Cleanup
Event: 303.450 Executing VM operation: Cleanup done
Event: 311.494 Executing VM operation: Cleanup
Event: 311.494 Executing VM operation: Cleanup done

Events (20 events):
Event: 0.214 Thread 0x0000022869427450 Thread added: 0x0000022869427450
Event: 0.401 Thread 0x000002286de97dc0 Thread added: 0x000002286de97dc0
Event: 1.642 Thread 0x0000022869425470 Thread added: 0x0000022869425470
Event: 1.727 Thread 0x00000228694259c0 Thread added: 0x00000228694259c0
Event: 1.851 Thread 0x0000022869425f10 Thread added: 0x0000022869425f10
Event: 1.854 Thread 0x0000022869427ef0 Thread added: 0x0000022869427ef0
Event: 1.854 Thread 0x00000228694279a0 Thread added: 0x00000228694279a0
Event: 1.856 Thread 0x00000228694269b0 Thread added: 0x00000228694269b0
Event: 1.870 Thread 0x0000022869428440 Thread added: 0x0000022869428440
Event: 1.870 Thread 0x000002286ee27490 Thread added: 0x000002286ee27490
Event: 1.987 Thread 0x000002286de97dc0 Thread exited: 0x000002286de97dc0
Event: 2.051 Thread 0x000002286ee299c0 Thread added: 0x000002286ee299c0
Event: 2.236 Thread 0x000002286ee23f70 Thread added: 0x000002286ee23f70
Event: 3.280 Thread 0x000002286ee27f30 Thread added: 0x000002286ee27f30
Event: 3.293 Thread 0x000002286ee264a0 Thread added: 0x000002286ee264a0
Event: 7.053 Thread 0x000002286ee299c0 Thread exited: 0x000002286ee299c0
Event: 62.058 Thread 0x00000228694269b0 Thread exited: 0x00000228694269b0
Event: 63.287 Thread 0x0000022869425470 Thread exited: 0x0000022869425470
Event: 190.516 Thread 0x000002286ee234d0 Thread added: 0x000002286ee234d0
Event: 370.538 Thread 0x000002286e6fb750 Thread added: 0x000002286e6fb750


Dynamic libraries:
0x00007ff7d99b0000 - 0x00007ff7d99c0000 	C:\Program Files\Java\jdk-19\bin\javaw.exe
0x00007fffd5530000 - 0x00007fffd5728000 	C:\Windows\SYSTEM32\ntdll.dll
0x00007fffd5430000 - 0x00007fffd54ef000 	C:\Windows\System32\KERNEL32.DLL
0x00007fffd2c30000 - 0x00007fffd2f02000 	C:\Windows\System32\KERNELBASE.dll
0x00007fffd32e0000 - 0x00007fffd33e0000 	C:\Windows\System32\ucrtbase.dll
0x00007fffb99f0000 - 0x00007fffb9a0b000 	C:\Program Files\Java\jdk-19\bin\VCRUNTIME140.dll
0x00007fffb44a0000 - 0x00007fffb44b8000 	C:\Program Files\Java\jdk-19\bin\jli.dll
0x00007fffd3780000 - 0x00007fffd382e000 	C:\Windows\System32\ADVAPI32.dll
0x00007fffd4100000 - 0x00007fffd419e000 	C:\Windows\System32\msvcrt.dll
0x00007fffd3580000 - 0x00007fffd361c000 	C:\Windows\System32\sechost.dll
0x00007fffd3620000 - 0x00007fffd3745000 	C:\Windows\System32\RPCRT4.dll
0x00007fffd4490000 - 0x00007fffd462d000 	C:\Windows\System32\USER32.dll
0x00007fffbb7d0000 - 0x00007fffbba6a000 	C:\Windows\WinSxS\amd64_microsoft.windows.common-controls_6595b64144ccf1df_6.0.19041.1110_none_60b5254171f9507e\COMCTL32.dll
0x00007fffd3750000 - 0x00007fffd377b000 	C:\Windows\System32\GDI32.dll
0x00007fffd30f0000 - 0x00007fffd3112000 	C:\Windows\System32\win32u.dll
0x00007fffca040000 - 0x00007fffca04a000 	C:\Windows\SYSTEM32\VERSION.dll
0x00007fffd3120000 - 0x00007fffd322f000 	C:\Windows\System32\gdi32full.dll
0x00007fffd3470000 - 0x00007fffd350d000 	C:\Windows\System32\msvcp_win.dll
0x00007fffd52d0000 - 0x00007fffd5302000 	C:\Windows\System32\IMM32.DLL
0x00007fffc94c0000 - 0x00007fffc94cc000 	C:\Program Files\Java\jdk-19\bin\vcruntime140_1.dll
0x00007fff918d0000 - 0x00007fff9195e000 	C:\Program Files\Java\jdk-19\bin\msvcp140.dll
0x00007fff8c5b0000 - 0x00007fff8d270000 	C:\Program Files\Java\jdk-19\bin\server\jvm.dll
0x00007fffc7fb0000 - 0x00007fffc7fd7000 	C:\Windows\SYSTEM32\WINMM.dll
0x00007fffba830000 - 0x00007fffba839000 	C:\Windows\SYSTEM32\WSOCK32.dll
0x00007fffd3c70000 - 0x00007fffd3cdb000 	C:\Windows\System32\WS2_32.dll
0x00007fffd0a00000 - 0x00007fffd0a12000 	C:\Windows\SYSTEM32\kernel.appcore.dll
0x00007fffc4a80000 - 0x00007fffc4a8a000 	C:\Program Files\Java\jdk-19\bin\jimage.dll
0x00007fffcd210000 - 0x00007fffcd3f4000 	C:\Windows\SYSTEM32\DBGHELP.DLL
0x00007fffcd1e0000 - 0x00007fffcd20c000 	C:\Windows\SYSTEM32\dbgcore.DLL
0x00007fffd33e0000 - 0x00007fffd3462000 	C:\Windows\System32\bcryptPrimitives.dll
0x00007fffb1180000 - 0x00007fffb11a6000 	C:\Program Files\Java\jdk-19\bin\java.dll
0x00007fff914c0000 - 0x00007fff91597000 	C:\Program Files\Java\jdk-19\bin\jsvml.dll
0x00007fffd4630000 - 0x00007fffd4d73000 	C:\Windows\System32\SHELL32.dll
0x00007fffd0c00000 - 0x00007fffd1392000 	C:\Windows\SYSTEM32\windows.storage.dll
0x00007fffd3830000 - 0x00007fffd3b84000 	C:\Windows\System32\combase.dll
0x00007fffd25b0000 - 0x00007fffd25e0000 	C:\Windows\SYSTEM32\Wldp.dll
0x00007fffd5380000 - 0x00007fffd542d000 	C:\Windows\System32\SHCORE.dll
0x00007fffd4420000 - 0x00007fffd4475000 	C:\Windows\System32\shlwapi.dll
0x00007fffd2b70000 - 0x00007fffd2b8f000 	C:\Windows\SYSTEM32\profapi.dll
0x00007fff96a70000 - 0x00007fff96a83000 	C:\Program Files\Java\jdk-19\bin\net.dll
0x00007fffd1bb0000 - 0x00007fffd1cbc000 	C:\Windows\SYSTEM32\WINHTTP.dll
0x00007fffd2310000 - 0x00007fffd237a000 	C:\Windows\system32\mswsock.dll
0x00007fff96850000 - 0x00007fff96866000 	C:\Program Files\Java\jdk-19\bin\nio.dll
0x00007fff96730000 - 0x00007fff96748000 	C:\Program Files\Java\jdk-19\bin\zip.dll
0x00007fffab9e0000 - 0x00007fffab9f7000 	C:\Windows\system32\napinsp.dll
0x00007fffab9c0000 - 0x00007fffab9db000 	C:\Windows\system32\pnrpnsp.dll
0x00007fffab9a0000 - 0x00007fffab9b5000 	C:\Windows\system32\wshbth.dll
0x00007fffcd980000 - 0x00007fffcd99d000 	C:\Windows\system32\NLAapi.dll
0x00007fffd2000000 - 0x00007fffd203b000 	C:\Windows\SYSTEM32\IPHLPAPI.DLL
0x00007fffd2040000 - 0x00007fffd210a000 	C:\Windows\SYSTEM32\DNSAPI.dll
0x00007fffd4480000 - 0x00007fffd4488000 	C:\Windows\System32\NSI.dll
0x00007fffab980000 - 0x00007fffab992000 	C:\Windows\System32\winrnr.dll
0x00007fffc9fc0000 - 0x00007fffc9fca000 	C:\Windows\System32\rasadhlp.dll
0x00007fffca7e0000 - 0x00007fffca860000 	C:\Windows\System32\fwpuclnt.dll
0x00007fffd2f10000 - 0x00007fffd2f37000 	C:\Windows\System32\bcrypt.dll
0x00007fff988d0000 - 0x00007fff988d8000 	C:\Program Files\Java\jdk-19\bin\extnet.dll
0x00007fffd2500000 - 0x00007fffd2518000 	C:\Windows\SYSTEM32\CRYPTSP.dll
0x00007fffd1b20000 - 0x00007fffd1b54000 	C:\Windows\system32\rsaenh.dll
0x00007fffd2b30000 - 0x00007fffd2b5e000 	C:\Windows\SYSTEM32\USERENV.dll
0x00007fffd2520000 - 0x00007fffd252c000 	C:\Windows\SYSTEM32\CRYPTBASE.dll
0x00007fffcb8d0000 - 0x00007fffcb8e7000 	C:\Windows\SYSTEM32\dhcpcsvc6.DLL
0x00007fffcb520000 - 0x00007fffcb53d000 	C:\Windows\SYSTEM32\dhcpcsvc.DLL
0x00007fffb99e0000 - 0x00007fffb99ee000 	C:\Program Files\Java\jdk-19\bin\sunmscapi.dll
0x00007fffd2f40000 - 0x00007fffd3096000 	C:\Windows\System32\CRYPT32.dll
0x00007fffd2620000 - 0x00007fffd2647000 	C:\Windows\SYSTEM32\ncrypt.dll
0x00007fffd25e0000 - 0x00007fffd261b000 	C:\Windows\SYSTEM32\NTASN1.dll
0x00007fffc14d0000 - 0x00007fffc14e0000 	C:\Program Files\Java\jdk-19\bin\verify.dll
0x00007fffc15d0000 - 0x00007fffc15da000 	C:\Program Files\Java\jdk-19\bin\management.dll
0x00007fffc15a0000 - 0x00007fffc15ab000 	C:\Program Files\Java\jdk-19\bin\management_ext.dll
0x00007fffd5310000 - 0x00007fffd5318000 	C:\Windows\System32\PSAPI.DLL
0x00007fffbb5d0000 - 0x00007fffbb5d7000 	C:\Windows\system32\wshunix.dll

dbghelp: loaded successfully - version: 4.0.5 - missing functions: none
symbol engine: initialized successfully - sym options: 0x614 - pdb path: .;C:\Program Files\Java\jdk-19\bin;C:\Windows\SYSTEM32;C:\Windows\WinSxS\amd64_microsoft.windows.common-controls_6595b64144ccf1df_6.0.19041.1110_none_60b5254171f9507e;C:\Program Files\Java\jdk-19\bin\server

VM Arguments:
jvm_args: -Dfile.encoding=UTF-8 -XX:+ShowCodeDetailsInExceptionMessages 
java_command: mainPackage.RunnerClass
java_class_path (initial): E:\Automation\Gopi\TargetRent\target\classes;C:\Users\AzureSQLDB\.m2\repository\io\github\bonigarcia\webdrivermanager\5.2.3\webdrivermanager-5.2.3.jar;C:\Users\AzureSQLDB\.m2\repository\org\slf4j\slf4j-api\1.7.36\slf4j-api-1.7.36.jar;C:\Users\AzureSQLDB\.m2\repository\com\google\code\gson\gson\2.9.1\gson-2.9.1.jar;C:\Users\AzureSQLDB\.m2\repository\com\github\docker-java\docker-java\3.2.13\docker-java-3.2.13.jar;C:\Users\AzureSQLDB\.m2\repository\com\github\docker-java\docker-java-core\3.2.13\docker-java-core-3.2.13.jar;C:\Users\AzureSQLDB\.m2\repository\com\github\docker-java\docker-java-api\3.2.13\docker-java-api-3.2.13.jar;C:\Users\AzureSQLDB\.m2\repository\com\fasterxml\jackson\core\jackson-annotations\2.10.3\jackson-annotations-2.10.3.jar;C:\Users\AzureSQLDB\.m2\repository\commons-io\commons-io\2.6\commons-io-2.6.jar;C:\Users\AzureSQLDB\.m2\repository\com\fasterxml\jackson\core\jackson-databind\2.10.3\jackson-databind-2.10.3.jar;C:\Users\AzureSQLDB\.m2\repository\com\fasterxml\jackson\core\jackson-core\2.10.3\jackson-core-2.10.3.jar;C:\Users\AzureSQLDB\.m2\repository\org\bouncycastle\bcpkix-jdk15on\1.64\bcpkix-jdk15on-1.64.jar;C:\Users\AzureSQLDB\.m2\repository\org\bouncycastle\bcprov-jdk15on\1.64\bcprov-jdk15on-1.64.jar;C:\Users\AzureSQLDB\.m2\repository\org\slf4j\jcl-over-slf4j\1.7.30\jcl-over-slf4j-1.7.30.jar;C:\Users\AzureSQLDB\.m2\repository\com\github\docker-java\docker-java-transport-httpclient5\3.2.13\docker-java-transport-httpclient5-3.2.13.jar;C:\Users\AzureSQLDB\.m2\repository\com\github\docker-java\docker-java-transport\3.2.13\docker-java-transport-3.2.13.jar;C:\Users\AzureSQLDB\.m2\repository\net\java\dev\jna\jna\5.8.0\jna-5.8.0.jar;C:\Users\AzureSQLDB\.m2\repository\org\brotli\dec\0.1.2\dec-0.1.2.jar;C:\Users\AzureSQLDB\.m2\repository\org\apache\commons\commons-lang3\3.12.0\commons-lang3-3.12.0.jar;C:\Users\AzureSQLDB\.m2\repository\org\apache\httpcomponents\client5\httpclient5\5.1.3\httpclient5-5.1.3.jar;C:\Users\AzureSQLDB\.m2\repository\org\apache\httpcomponents\core5\httpcore5\5.1.3\httpcore5-5.1.3.jar;C:\Users\AzureSQLDB\.m2\repository\org\apache\httpcomponents\core5\httpcore5-h2\5.1.3\httpcore5-h2-5.1.3.jar;C:\Users\AzureSQLDB\.m2\repository\org\seleniumhq\selenium\selenium-java\4.4.0\selenium-java-4.4.0.jar;C:\Users\AzureSQLDB\.m2\repository\org\seleniumhq\selenium\selenium-api\4.4.0\selenium-api-4.4.0.jar;C:\Users\AzureSQLDB\.m2\repository\org\seleniumhq\selenium\selenium-chrome-driver\4.4.0\selenium-chrome-driver-4.4.0.jar;C:\Users\AzureSQLDB\.m2\repository\com\google\auto\service\auto-service-annotations\1.0.1\auto-service-annotations-1.0.1.jar;C:\Users\AzureSQLDB\.m2\repository\com\google\auto\service\auto-service\1.0.1\auto-service-1.0.1.jar;C:\Users\AzureSQLDB\.m2\repository\com\google\auto\auto-common\1.2\auto-common-1.2.jar;C:\Users\AzureSQLDB\.m2\repository\org\seleniumhq\selenium\selenium-chromium-driver\4.4.0\selenium-chromium-driver-4.4.0.jar;C:\Users\AzureSQLDB\.m2\repository\org\seleniumhq\selenium\selenium-json\4.4.0\selenium-json-4.4.0.jar;C:\Users\AzureSQLDB\.m2\repository\org\seleniumhq\selenium\selenium-devtools-v102\4.4.0\selenium-devtools-v102-4.4.0.jar;C:\Users\AzureSQLDB\.m2\repository\org\seleniumhq\selenium\selenium-devtools-v103\4.4.0\selenium-devtools-v103-4.4.0.jar;C:\Users\AzureSQLDB\.m2\repository\org\seleniumhq\selenium\selenium-devtools-v104\4.4.0\selenium-devtools-v104-4.4.0.jar;C:\Users\AzureSQLDB\.m2\repository\org\seleniumhq\selenium\selenium-devtools-v85\4.4.0\selenium-devtools-v85-4.4.0.jar;C:\Users\AzureSQLDB\.m2\repository\org\seleniumhq\selenium\selenium-edge-driver\4.4.0\selenium-edge-driver-4.4.0.jar;C:\Users\AzureSQLDB\.m2\repository\org\seleniumhq\selenium\selenium-firefox-driver\4.4.0\selenium-firefox-driver-4.4.0.jar;C:\Users\AzureSQLDB\.m2\repository\org\seleniumhq\selenium\selenium-ie-driver\4.4.0\selenium-ie-driver-4.4.0.jar;C:\Users\AzureSQLDB\.m2\repository\org\seleniumhq\selenium\selenium-opera-driver\4.4.0\selenium-opera-driver-4.4.0.jar;C:\Users\AzureSQLDB\.m2\repository\org\seleniumhq\selenium\selenium-remote-driver\4.4.0\selenium-remote-driver-4.4.0.jar;C:\Users\AzureSQLDB\.m2\repository\com\beust\jcommander\1.82\jcommander-1.82.jar;C:\Users\AzureSQLDB\.m2\repository\io\netty\netty-buffer\4.1.78.Final\netty-buffer-4.1.78.Final.jar;C:\Users\AzureSQLDB\.m2\repository\io\netty\netty-codec-http\4.1.78.Final\netty-codec-http-4.1.78.Final.jar;C:\Users\AzureSQLDB\.m2\repository\io\netty\netty-codec\4.1.78.Final\netty-codec-4.1.78.Final.jar;C:\Users\AzureSQLDB\.m2\repository\io\netty\netty-handler\4.1.78.Final\netty-handler-4.1.78.Final.jar;C:\Users\AzureSQLDB\.m2\repository\io\netty\netty-common\4.1.78.Final\netty-common-4.1.78.Final.jar;C:\Users\AzureSQLDB\.m2\repository\io\netty\netty-transport-classes-epoll\4.1.78.Final\netty-transport-classes-epoll-4.1.78.Final.jar;C:\Users\AzureSQLDB\.m2\repository\io\netty\netty-transport-classes-kqueue\4.1.78.Final\netty-transport-classes-kqueue-4.1.78.Final.jar;C:\Users\AzureSQLDB\.m2\repository\io\netty\netty-transport-native-epoll\4.1.78.Final\netty-transport-native-epoll-4.1.78.Final.jar;C:\Users\AzureSQLDB\.m2\repository\io\netty\netty-transport-native-kqueue\4.1.78.Final\netty-transport-native-kqueue-4.1.78.Final.jar;C:\Users\AzureSQLDB\.m2\repository\io\netty\netty-transport-native-unix-common\4.1.78.Final\netty-transport-native-unix-common-4.1.78.Final.jar;C:\Users\AzureSQLDB\.m2\repository\io\netty\netty-transport\4.1.78.Final\netty-transport-4.1.78.Final.jar;C:\Users\AzureSQLDB\.m2\repository\io\netty\netty-resolver\4.1.78.Final\netty-resolver-4.1.78.Final.jar;C:\Users\AzureSQLDB\.m2\repository\io\opentelemetry\opentelemetry-api\1.16.0\opentelemetry-api-1.16.0.jar;C:\Users\AzureSQLDB\.m2\repository\io\opentelemetry\opentelemetry-context\1.16.0\opentelemetry-context-1.16.0.jar;C:\Users\AzureSQLDB\.m2\repository\io\opentelemetry\opentelemetry-exporter-logging\1.16.0\opentelemetry-exporter-logging-1.16.0.jar;C:\Users\AzureSQLDB\.m2\repository\io\opentelemetry\opentelemetry-sdk-metrics\1.16.0\opentelemetry-sdk-metrics-1.16.0.jar;C:\Users\AzureSQLDB\.m2\repository\io\opentelemetry\opentelemetry-sdk-logs\1.16.0-alpha\opentelemetry-sdk-logs-1.16.0-alpha.jar;C:\Users\AzureSQLDB\.m2\repository\io\opentelemetry\opentelemetry-sdk-common\1.16.0\opentelemetry-sdk-common-1.16.0.jar;C:\Users\AzureSQLDB\.m2\repository\io\opentelemetry\opentelemetry-sdk-extension-autoconfigure-spi\1.16.0\opentelemetry-sdk-extension-autoconfigure-spi-1.16.0.jar;C:\Users\AzureSQLDB\.m2\repository\io\opentelemetry\opentelemetry-sdk-extension-autoconfigure\1.16.0-alpha\opentelemetry-sdk-extension-autoconfigure-1.16.0-alpha.jar;C:\Users\AzureSQLDB\.m2\repository\io\opentelemetry\opentelemetry-sdk-trace\1.16.0\opentelemetry-sdk-trace-1.16.0.jar;C:\Users\AzureSQLDB\.m2\repository\io\opentelemetry\opentelemetry-sdk\1.16.0\opentelemetry-sdk-1.16.0.jar;C:\Users\AzureSQLDB\.m2\repository\io\opentelemetry\opentelemetry-semconv\1.16.0-alpha\opentelemetry-semconv-1.16.0-alpha.jar;C:\Users\AzureSQLDB\.m2\repository\io\ous\jtoml\2.0.0\jtoml-2.0.0.jar;C:\Users\AzureSQLDB\.m2\repository\net\bytebuddy\byte-buddy\1.12.10\byte-buddy-1.12.10.jar;C:\Users\AzureSQLDB\.m2\repository\org\apache\commons\commons-exec\1.3\commons-exec-1.3.jar;C:\Users\AzureSQLDB\.m2\repository\org\asynchttpclient\async-http-client\2.12.3\async-http-client-2.12.3.jar;C:\Users\AzureSQLDB\.m2\repository\org\asynchttpclient\async-http-client-netty-utils\2.12.3\async-http-client-netty-utils-2.12.3.jar;C:\Users\AzureSQLDB\.m2\repository\io\netty\netty-codec-socks\4.1.60.Final\netty-codec-socks-4.1.60.Final.jar;C:\Users\AzureSQLDB\.m2\repository\io\netty\netty-handler-proxy\4.1.60.Final\netty-handler-proxy-4.1.60.Final.jar;C:\Users\AzureSQLDB\.m2\repository\io\netty\netty-transport-native-epoll\4.1.60.Final\netty-transport-native-epoll-4.1.60.Final-linux-x86_64.jar;C:\Users\AzureSQLDB\.m2\repository\io\netty\netty-transport-native-kqueue\4.1.60.Final\netty-transport-native-kqueue-4.1.60.Final-osx-x86_64.jar;C:\Users\AzureSQLDB\.m2\repository\org\reactivestreams\reactive-streams\1.0.3\reactive-streams-1.0.3.jar;C:\Users\AzureSQLDB\.m2\repository\com\typesafe\netty\netty-reactive-streams\2.0.4\netty-reactive-streams-2.0.4.jar;C:\Users\AzureSQLDB\.m2\repository\com\sun\activation\jakarta.activation\1.2.2\jakarta.activation-1.2.2.jar;C:\Users\AzureSQLDB\.m2\repository\org\seleniumhq\selenium\selenium-http\4.4.0\selenium-http-4.4.0.jar;C:\Users\AzureSQLDB\.m2\repository\dev\failsafe\failsafe\3.2.4\failsafe-3.2.4.jar;C:\Users\AzureSQLDB\.m2\repository\org\seleniumhq\selenium\selenium-safari-driver\4.4.0\selenium-safari-driver-4.4.0.jar;C:\Users\AzureSQLDB\.m2\repository\org\seleniumhq\selenium\selenium-support\4.4.0\selenium-support-4.4.0.jar;C:\Users\AzureSQLDB\.m2\repository\org\apache\poi\poi\4.1.0\poi-4.1.0.jar;C:\Users\AzureSQLDB\.m2\repository\commons-codec\commons-codec\1.12\commons-codec-1.12.jar;C:\Users\AzureSQLDB\.m2\repository\org\apache\commons\commons-collections4\4.3\commons-collections4-4.3.jar;C:\Users\AzureSQLDB\.m2\repository\org\apache\commons\commons-math3\3.6.1\commons-math3-3.6.1.jar;C:\Users\AzureSQLDB\.m2\repository\org\apache\poi\poi-ooxml\4.1.0\poi-ooxml-4.1.0.jar;C:\Users\AzureSQLDB\.m2\repository\org\apache\poi\poi-ooxml-schemas\4.1.0\poi-ooxml-schemas-4.1.0.jar;C:\Users\AzureSQLDB\.m2\repository\org\apache\commons\commons-compress\1.18\commons-compress-1.18.jar;C:\Users\AzureSQLDB\.m2\repository\com\github\virtuald\curvesapi\1.06\curvesapi-1.06.jar;C:\Users\AzureSQLDB\.m2\repository\javax\mail\mail\1.4\mail-1.4.jar;C:\Users\AzureSQLDB\.m2\repository\javax\activation\activation\1.1\activation-1.1.jar;C:\Users\AzureSQLDB\.m2\repository\org\apache\xmlbeans\xmlbeans\3.1.0\xmlbeans-3.1.0.jar;C:\Users\AzureSQLDB\.m2\repository\org\apache\poi\poi-scratchpad\4.1.0\poi-scratchpad-4.1.0.jar;C:\Users\AzureSQLDB\.m2\repository\com\google\guava\guava\31.1-jre\guava-31.1-jre.jar;C:\Users\AzureSQLDB\.m2\repository\com\google\guava\failureaccess\1.0.1\failureaccess-1.0.1.jar;C:\Users\AzureSQLDB\.m2\repository\com\google\guava\listenablefuture\9999.0-empty-to-avoid-conflict-with-guava\listenablefuture-9999.0-empty-to-avoid-conflict-with-guava.jar;C:\Users\AzureSQLDB\.m2\repository\com\google\code\findbugs\jsr305\3.0.2\jsr305-3.0.2.jar;C:\Users\AzureSQLDB\.m2\repository\org\checkerframework\checker-qual\3.12.0\checker-qual-3.12.0.jar;C:\Users\AzureSQLDB\.m2\repository\com\google\errorprone\error_prone_annotations\2.11.0\error_prone_annotations-2.11.0.jar;C:\Users\AzureSQLDB\.m2\repository\com\google\j2objc\j2objc-annotations\1.3\j2objc-annotations-1.3.jar;C:\Users\AzureSQLDB\.m2\repository\org\apache\pdfbox\pdfbox\2.0.26\pdfbox-2.0.26.jar;C:\Users\AzureSQLDB\.m2\repository\org\apache\pdfbox\fontbox\2.0.26\fontbox-2.0.26.jar;C:\Users\AzureSQLDB\.m2\repository\commons-logging\commons-logging\1.2\commons-logging-1.2.jar;C:\Users\AzureSQLDB\.m2\repository\com\microsoft\sqlserver\mssql-jdbc\11.2.1.jre8\mssql-jdbc-11.2.1.jre8.jar
Launcher Type: SUN_STANDARD

[Global flags]
     intx CICompilerCount                          = 3                                         {product} {ergonomic}
     uint ConcGCThreads                            = 1                                         {product} {ergonomic}
     uint G1ConcRefinementThreads                  = 4                                         {product} {ergonomic}
   size_t G1HeapRegionSize                         = 2097152                                   {product} {ergonomic}
    uintx GCDrainStackTargetSize                   = 64                                        {product} {ergonomic}
   size_t InitialHeapSize                          = 268435456                                 {product} {ergonomic}
   size_t MarkStackSize                            = 4194304                                   {product} {ergonomic}
   size_t MaxHeapSize                              = 4282384384                                {product} {ergonomic}
   size_t MaxNewSize                               = 2569011200                                {product} {ergonomic}
   size_t MinHeapDeltaBytes                        = 2097152                                   {product} {ergonomic}
   size_t MinHeapSize                              = 8388608                                   {product} {ergonomic}
    uintx NonNMethodCodeHeapSize                   = 5832780                                {pd product} {ergonomic}
    uintx NonProfiledCodeHeapSize                  = 122912730                              {pd product} {ergonomic}
    uintx ProfiledCodeHeapSize                     = 122912730                              {pd product} {ergonomic}
    uintx ReservedCodeCacheSize                    = 251658240                              {pd product} {ergonomic}
     bool SegmentedCodeCache                       = true                                      {product} {ergonomic}
     bool ShowCodeDetailsInExceptionMessages       = true                                   {manageable} {command line}
   size_t SoftMaxHeapSize                          = 4282384384                             {manageable} {ergonomic}
     bool UseCompressedClassPointers               = true                           {product lp64_product} {ergonomic}
     bool UseCompressedOops                        = true                           {product lp64_product} {ergonomic}
     bool UseG1GC                                  = true                                      {product} {ergonomic}
     bool UseLargePagesIndividualAllocation        = false                                  {pd product} {ergonomic}

Logging:
Log output configuration:
 #0: stdout all=warning uptime,level,tags foldmultilines=false
 #1: stderr all=off uptime,level,tags foldmultilines=false

Environment Variables:
JAVA_HOME=C:\Program Files\Java\jdk-19
PATH=C:\Program Files\Common Files\Oracle\Java\javapath;C:\Windows\system32;C:\Windows;C:\Windows\System32\Wbem;C:\Windows\System32\WindowsPowerShell\v1.0\;C:\Windows\System32\OpenSSH\;C:\Program Files\dotnet\;C:\Program Files (x86)\Microsoft SQL Server\150\DTS\Binn\;C:\Program Files\Azure Data Studio\bin;C:\Program Files\Java\jdk-19\bin;C:\Program Files\Microsoft SQL Server\Client SDK\ODBC\170\Tools\Binn\;D:\Automation Files\apache-maven-3.8.6\bin;C:\Gopi\Apache Maven\apache-maven-3.8.6\bin;C:\Program Files\Git\cmd;C:\Users\AzureSQLDB\AppData\Local\Microsoft\WindowsApps;C:\Users\AzureSQLDB\.dotnet\tools;C:\Program Files\Azure Data Studio\bin;C:\Users\AzureSQLDB\AppData\Local\Programs\Microsoft VS Code\bin
USERNAME=AzureSQLDB
OS=Windows_NT
PROCESSOR_IDENTIFIER=AMD64 Family 25 Model 1 Stepping 1, AuthenticAMD
TMP=C:\Users\AZURES~1\AppData\Local\Temp
TEMP=C:\Users\AZURES~1\AppData\Local\Temp



---------------  S Y S T E M  ---------------

OS:
 Windows 10 , 64 bit Build 19041 (10.0.19041.2251)
OS uptime: 4 days 12:58 hours
Hyper-V virtualization detected

CPU: total 4 (initial active 4) (4 cores per cpu, 2 threads per core) family 25 model 1 stepping 1 microcode 0x0, cx8, cmov, fxsr, ht, mmx, 3dnowpref, sse, sse2, sse3, ssse3, sse4a, sse4.1, sse4.2, popcnt, lzcnt, tsc, avx, avx2, aes, clmul, bmi1, bmi2, adx, sha, fma, vzeroupper, clflush, clflushopt, hv, rdtscp, rdpid

Memory: 4k page, system-wide physical 16332M (3903M free)
TotalPageFile size 17738M (AvailPageFile size 3M)
current process WorkingSet (physical memory assigned to process): 114M, peak: 141M
current process commit charge ("private bytes"): 201M, peak: 382M

vm_info: Java HotSpot(TM) 64-Bit Server VM (19+36-2238) for windows-amd64 JRE (19+36-2238), built on 2022-08-12T20:29:01Z by "mach5one" with MS VC++ 17.1 (VS2022)

END.
